<?xml version="1.0" encoding="UTF-8"?>
<!-- Generated by org.testng.reporters.JUnitXMLReporter -->
<testsuite ignored="0" hostname="Gabrielas-MacBook-Air.local" failures="0" tests="2" name="Surefire test" time="7.18" errors="0" timestamp="2024-04-15T13:20:14 CEST">
  <testcase classname="blueconic.viewsessions.FilterSessionsTest" name="verifyFilteringSessions" time="1.288"/>
  <testcase classname="blueconic.viewsessions.CreateNewSessionTest" name="verifyCreatingNewSession" time="0.533"/>
</testsuite> <!-- Surefire test -->
