<?xml version="1.0" encoding="UTF-8"?>
<!-- Generated by org.testng.reporters.JUnitXMLReporter -->
<testsuite ignored="1" hostname="Gabrielas-MacBook-Air.local" failures="0" tests="1" name="Surefire test" time="16.749" errors="0" timestamp="2024-04-14T14:51:13 CEST">
  <testcase classname="blueconic.viewsessions.CreateNewSessionTest" name="verifyCreatingNewSession" time="6.673"/>
  <testcase classname="blueconic.viewsessions.FilterSessionsTest" name="verifyFilteringSessions" time="0.0">
    <ignored/>
  </testcase> <!-- verifyFilteringSessions -->
</testsuite> <!-- Surefire test -->
