<?xml version="1.0" encoding="UTF-8"?>
<testng-results ignored="0" total="2" passed="2" failed="0" skipped="0">
  <reporter-output>
  </reporter-output>
  <suite started-at="2024-04-15T19:10:16 CEST" name="Surefire suite" finished-at="2024-04-15T19:10:24 CEST" duration-ms="7764">
    <groups>
    </groups>
    <test started-at="2024-04-15T19:10:16 CEST" name="Surefire test" finished-at="2024-04-15T19:10:24 CEST" duration-ms="7764">
      <class name="blueconic.viewsessions.FilterSessionsTest">
        <test-method is-config="true" signature="setup()[pri:0, instance:blueconic.viewsessions.FilterSessionsTest@40e6dfe1]" started-at="2024-04-15T19:10:16 CEST" name="setup" finished-at="2024-04-15T19:10:20 CEST" duration-ms="3807" status="PASS">
          <reporter-output>
          </reporter-output>
        </test-method> <!-- setup -->
        <test-method signature="verifyFilteringSessions()[pri:0, instance:blueconic.viewsessions.FilterSessionsTest@40e6dfe1]" started-at="2024-04-15T19:10:20 CEST" name="verifyFilteringSessions" finished-at="2024-04-15T19:10:21 CEST" duration-ms="1358" status="PASS">
          <reporter-output>
          </reporter-output>
        </test-method> <!-- verifyFilteringSessions -->
        <test-method is-config="true" signature="tearDown()[pri:0, instance:blueconic.viewsessions.FilterSessionsTest@40e6dfe1]" started-at="2024-04-15T19:10:21 CEST" name="tearDown" finished-at="2024-04-15T19:10:21 CEST" duration-ms="97" status="PASS">
          <reporter-output>
          </reporter-output>
        </test-method> <!-- tearDown -->
      </class> <!-- blueconic.viewsessions.FilterSessionsTest -->
      <class name="blueconic.viewsessions.CreateNewSessionTest">
        <test-method is-config="true" signature="setup()[pri:0, instance:blueconic.viewsessions.CreateNewSessionTest@7d68ef40]" started-at="2024-04-15T19:10:21 CEST" name="setup" finished-at="2024-04-15T19:10:23 CEST" duration-ms="1799" status="PASS">
          <reporter-output>
          </reporter-output>
        </test-method> <!-- setup -->
        <test-method signature="verifyCreatingNewSession()[pri:0, instance:blueconic.viewsessions.CreateNewSessionTest@7d68ef40]" started-at="2024-04-15T19:10:23 CEST" name="verifyCreatingNewSession" finished-at="2024-04-15T19:10:23 CEST" duration-ms="588" status="PASS">
          <reporter-output>
          </reporter-output>
        </test-method> <!-- verifyCreatingNewSession -->
        <test-method is-config="true" signature="tearDown()[pri:0, instance:blueconic.viewsessions.CreateNewSessionTest@7d68ef40]" started-at="2024-04-15T19:10:23 CEST" name="tearDown" finished-at="2024-04-15T19:10:24 CEST" duration-ms="92" status="PASS">
          <reporter-output>
          </reporter-output>
        </test-method> <!-- tearDown -->
      </class> <!-- blueconic.viewsessions.CreateNewSessionTest -->
    </test> <!-- Surefire test -->
  </suite> <!-- Surefire suite -->
</testng-results>
