<?xml version="1.0" encoding="UTF-8"?>
<testng-results ignored="0" total="2" passed="2" failed="0" skipped="0">
  <reporter-output>
  </reporter-output>
  <suite started-at="2024-04-15T13:20:01 CEST" name="Surefire suite" finished-at="2024-04-15T13:20:09 CEST" duration-ms="7180">
    <groups>
    </groups>
    <test started-at="2024-04-15T13:20:01 CEST" name="Surefire test" finished-at="2024-04-15T13:20:09 CEST" duration-ms="7180">
      <class name="blueconic.viewsessions.FilterSessionsTest">
        <test-method is-config="true" signature="setup()[pri:0, instance:blueconic.viewsessions.FilterSessionsTest@25b485ba]" started-at="2024-04-15T13:20:01 CEST" name="setup" finished-at="2024-04-15T13:20:05 CEST" duration-ms="3305" status="PASS">
          <reporter-output>
          </reporter-output>
        </test-method> <!-- setup -->
        <test-method signature="verifyFilteringSessions()[pri:0, instance:blueconic.viewsessions.FilterSessionsTest@25b485ba]" started-at="2024-04-15T13:20:05 CEST" name="verifyFilteringSessions" finished-at="2024-04-15T13:20:06 CEST" duration-ms="1288" status="PASS">
          <reporter-output>
          </reporter-output>
        </test-method> <!-- verifyFilteringSessions -->
        <test-method is-config="true" signature="tearDown()[pri:0, instance:blueconic.viewsessions.FilterSessionsTest@25b485ba]" started-at="2024-04-15T13:20:06 CEST" name="tearDown" finished-at="2024-04-15T13:20:06 CEST" duration-ms="97" status="PASS">
          <reporter-output>
          </reporter-output>
        </test-method> <!-- tearDown -->
      </class> <!-- blueconic.viewsessions.FilterSessionsTest -->
      <class name="blueconic.viewsessions.CreateNewSessionTest">
        <test-method is-config="true" signature="setup()[pri:0, instance:blueconic.viewsessions.CreateNewSessionTest@55ca8de8]" started-at="2024-04-15T13:20:06 CEST" name="setup" finished-at="2024-04-15T13:20:08 CEST" duration-ms="1838" status="PASS">
          <reporter-output>
          </reporter-output>
        </test-method> <!-- setup -->
        <test-method signature="verifyCreatingNewSession()[pri:0, instance:blueconic.viewsessions.CreateNewSessionTest@55ca8de8]" started-at="2024-04-15T13:20:08 CEST" name="verifyCreatingNewSession" finished-at="2024-04-15T13:20:09 CEST" duration-ms="533" status="PASS">
          <reporter-output>
          </reporter-output>
        </test-method> <!-- verifyCreatingNewSession -->
        <test-method is-config="true" signature="tearDown()[pri:0, instance:blueconic.viewsessions.CreateNewSessionTest@55ca8de8]" started-at="2024-04-15T13:20:09 CEST" name="tearDown" finished-at="2024-04-15T13:20:09 CEST" duration-ms="95" status="PASS">
          <reporter-output>
          </reporter-output>
        </test-method> <!-- tearDown -->
      </class> <!-- blueconic.viewsessions.CreateNewSessionTest -->
    </test> <!-- Surefire test -->
  </suite> <!-- Surefire suite -->
</testng-results>
